  dllmain.cpp
  FanucMachineTool.cpp
d:\dlut\xn_communication\xndll\xndll\fanucmachinetool.cpp(10): warning C4273: “FanucMachineTool::FanucMachineTool”: dll 链接不一致
  d:\dlut\xn_communication\xndll\xndll\fanucmachinetool.h(8): note: 参见“{ctor}”的前一个定义
d:\dlut\xn_communication\xndll\xndll\fanucmachinetool.cpp(14): warning C4273: “FanucMachineTool::~FanucMachineTool”: dll 链接不一致
  d:\dlut\xn_communication\xndll\xndll\fanucmachinetool.h(9): note: 参见“{dtor}”的前一个定义
d:\dlut\xn_communication\xndll\xndll\fanucmachinetool.cpp(18): warning C4273: “FanucMachineTool::setConfig”: dll 链接不一致
  d:\dlut\xn_communication\xndll\xndll\fanucmachinetool.h(10): note: 参见“setConfig”的前一个定义
d:\dlut\xn_communication\xndll\xndll\fanucmachinetool.cpp(26): warning C4273: “FanucMachineTool::Connect”: dll 链接不一致
  d:\dlut\xn_communication\xndll\xndll\fanucmachinetool.h(11): note: 参见“Connect”的前一个定义
d:\dlut\xn_communication\xndll\xndll\fanucmachinetool.cpp(42): warning C4273: “FanucMachineTool::Disconnect”: dll 链接不一致
  d:\dlut\xn_communication\xndll\xndll\fanucmachinetool.h(12): note: 参见“Disconnect”的前一个定义
d:\dlut\xn_communication\xndll\xndll\fanucmachinetool.cpp(56): warning C4273: “FanucMachineTool::getSpindleLoad”: dll 链接不一致
  d:\dlut\xn_communication\xndll\xndll\fanucmachinetool.h(15): note: 参见“getSpindleLoad”的前一个定义
d:\dlut\xn_communication\xndll\xndll\fanucmachinetool.cpp(80): warning C4273: “FanucMachineTool::getSpindleSpeed”: dll 链接不一致
  d:\dlut\xn_communication\xndll\xndll\fanucmachinetool.h(16): note: 参见“getSpindleSpeed”的前一个定义
d:\dlut\xn_communication\xndll\xndll\fanucmachinetool.cpp(94): warning C4273: “FanucMachineTool::getAxisFeed”: dll 链接不一致
  d:\dlut\xn_communication\xndll\xndll\fanucmachinetool.h(19): note: 参见“getAxisFeed”的前一个定义
d:\dlut\xn_communication\xndll\xndll\fanucmachinetool.cpp(108): warning C4273: “FanucMachineTool::getAxisFeedrate”: dll 链接不一致
  d:\dlut\xn_communication\xndll\xndll\fanucmachinetool.h(20): note: 参见“getAxisFeedrate”的前一个定义
d:\dlut\xn_communication\xndll\xndll\fanucmachinetool.cpp(127): warning C4273: “FanucMachineTool::getPosition”: dll 链接不一致
  d:\dlut\xn_communication\xndll\xndll\fanucmachinetool.h(21): note: 参见“getPosition”的前一个定义
d:\dlut\xn_communication\xndll\xndll\fanucmachinetool.cpp(145): warning C4273: “FanucMachineTool::getToolNum”: dll 链接不一致
  d:\dlut\xn_communication\xndll\xndll\fanucmachinetool.h(24): note: 参见“getToolNum”的前一个定义
d:\dlut\xn_communication\xndll\xndll\fanucmachinetool.cpp(161): warning C4273: “FanucMachineTool::getProgLineNum”: dll 链接不一致
  d:\dlut\xn_communication\xndll\xndll\fanucmachinetool.h(27): note: 参见“getProgLineNum”的前一个定义
d:\dlut\xn_communication\xndll\xndll\fanucmachinetool.cpp(185): warning C4715: “FanucMachineTool::getProgLineNum”: 不是所有的控件路径都返回值
  pch.cpp
    正在创建库 D:\DLUT\XN_Communication\XNDLL\Debug\XNDLL.lib 和对象 D:\DLUT\XN_Communication\XNDLL\Debug\XNDLL.exp
  XNDLL.vcxproj -> D:\DLUT\XN_Communication\XNDLL\Debug\XNDLL.dll
